2020-07-26 07:56:28.423  INFO 7232 --- [restartedMain] S.SchoolCourseSelectionSystemApplication : Starting SchoolCourseSelectionSystemApplication on WIN-3EHTTE3SS16 with PID 7232 (D:\developertools\allcodes\ideacode\SchoolCourseSelectionSystem\target\classes started by Administrator in D:\developertools\allcodes\ideacode\SchoolCourseSelectionSystem)
2020-07-26 07:56:28.430  INFO 7232 --- [restartedMain] S.SchoolCourseSelectionSystemApplication : No active profile set, falling back to default profiles: default
2020-07-26 07:56:28.630  INFO 7232 --- [restartedMain] .e.DevToolsPropertyDefaultsPostProcessor : Devtools property defaults active! Set 'spring.devtools.add-properties' to 'false' to disable
2020-07-26 07:56:28.630  INFO 7232 --- [restartedMain] .e.DevToolsPropertyDefaultsPostProcessor : For additional web related logging consider setting the 'logging.level.web' property to 'DEBUG'
2020-07-26 07:56:32.696  INFO 7232 --- [restartedMain] .s.d.r.c.RepositoryConfigurationDelegate : Multiple Spring Data modules found, entering strict repository configuration mode!
2020-07-26 07:56:32.696  INFO 7232 --- [restartedMain] .s.d.r.c.RepositoryConfigurationDelegate : Bootstrapping Spring Data JPA repositories in DEFERRED mode.
2020-07-26 07:56:34.187  INFO 7232 --- [restartedMain] .s.d.r.c.RepositoryConfigurationDelegate : Finished Spring Data repository scanning in 1426ms. Found 5 JPA repository interfaces.
2020-07-26 07:56:34.387  INFO 7232 --- [restartedMain] .s.d.r.c.RepositoryConfigurationDelegate : Multiple Spring Data modules found, entering strict repository configuration mode!
2020-07-26 07:56:34.387  INFO 7232 --- [restartedMain] .s.d.r.c.RepositoryConfigurationDelegate : Bootstrapping Spring Data Redis repositories in DEFAULT mode.
2020-07-26 07:56:34.519  INFO 7232 --- [restartedMain] .RepositoryConfigurationExtensionSupport : Spring Data Redis - Could not safely identify store assignment for repository candidate interface com.cyz.SchoolCourseSelectionSystem.mapper.AdminDao. If you want this repository to be a Redis repository, consider annotating your entities with one of these annotations: org.springframework.data.redis.core.RedisHash (preferred), or consider extending one of the following types with your repository: org.springframework.data.keyvalue.repository.KeyValueRepository.
2020-07-26 07:56:34.519  INFO 7232 --- [restartedMain] .RepositoryConfigurationExtensionSupport : Spring Data Redis - Could not safely identify store assignment for repository candidate interface com.cyz.SchoolCourseSelectionSystem.mapper.ClassDao. If you want this repository to be a Redis repository, consider annotating your entities with one of these annotations: org.springframework.data.redis.core.RedisHash (preferred), or consider extending one of the following types with your repository: org.springframework.data.keyvalue.repository.KeyValueRepository.
2020-07-26 07:56:34.519  INFO 7232 --- [restartedMain] .RepositoryConfigurationExtensionSupport : Spring Data Redis - Could not safely identify store assignment for repository candidate interface com.cyz.SchoolCourseSelectionSystem.mapper.CourseDao. If you want this repository to be a Redis repository, consider annotating your entities with one of these annotations: org.springframework.data.redis.core.RedisHash (preferred), or consider extending one of the following types with your repository: org.springframework.data.keyvalue.repository.KeyValueRepository.
2020-07-26 07:56:34.519  INFO 7232 --- [restartedMain] .RepositoryConfigurationExtensionSupport : Spring Data Redis - Could not safely identify store assignment for repository candidate interface com.cyz.SchoolCourseSelectionSystem.mapper.StudentDao. If you want this repository to be a Redis repository, consider annotating your entities with one of these annotations: org.springframework.data.redis.core.RedisHash (preferred), or consider extending one of the following types with your repository: org.springframework.data.keyvalue.repository.KeyValueRepository.
2020-07-26 07:56:34.519  INFO 7232 --- [restartedMain] .RepositoryConfigurationExtensionSupport : Spring Data Redis - Could not safely identify store assignment for repository candidate interface com.cyz.SchoolCourseSelectionSystem.mapper.TeacherDao. If you want this repository to be a Redis repository, consider annotating your entities with one of these annotations: org.springframework.data.redis.core.RedisHash (preferred), or consider extending one of the following types with your repository: org.springframework.data.keyvalue.repository.KeyValueRepository.
2020-07-26 07:56:34.519  INFO 7232 --- [restartedMain] .s.d.r.c.RepositoryConfigurationDelegate : Finished Spring Data repository scanning in 16ms. Found 0 Redis repository interfaces.
2020-07-26 07:56:37.989  INFO 7232 --- [restartedMain] o.s.b.w.embedded.tomcat.TomcatWebServer  : Tomcat initialized with port(s): 8080 (http)
2020-07-26 07:56:38.027  INFO 7232 --- [restartedMain] o.apache.catalina.core.StandardService   : Starting service [Tomcat]
2020-07-26 07:56:38.027  INFO 7232 --- [restartedMain] org.apache.catalina.core.StandardEngine  : Starting Servlet engine: [Apache Tomcat/9.0.36]
2020-07-26 07:56:38.058  INFO 7232 --- [restartedMain] o.a.catalina.core.AprLifecycleListener   : An older version [1.2.17] of the Apache Tomcat Native library is installed, while Tomcat recommends a minimum version of [1.2.23]
2020-07-26 07:56:38.058  INFO 7232 --- [restartedMain] o.a.catalina.core.AprLifecycleListener   : Loaded Apache Tomcat Native library [1.2.17] using APR version [1.6.3].
2020-07-26 07:56:38.058  INFO 7232 --- [restartedMain] o.a.catalina.core.AprLifecycleListener   : APR capabilities: IPv6 [true], sendfile [true], accept filters [false], random [true].
2020-07-26 07:56:38.058  INFO 7232 --- [restartedMain] o.a.catalina.core.AprLifecycleListener   : APR/OpenSSL configuration: useAprConnector [false], useOpenSSL [true]
2020-07-26 07:56:39.214  INFO 7232 --- [restartedMain] o.a.catalina.core.AprLifecycleListener   : OpenSSL successfully initialized [OpenSSL 1.0.2o  27 Mar 2018]
2020-07-26 07:56:39.531  INFO 7232 --- [restartedMain] o.a.c.c.C.[Tomcat].[localhost].[/]       : Initializing Spring embedded WebApplicationContext
2020-07-26 07:56:39.531  INFO 7232 --- [restartedMain] w.s.c.ServletWebServerApplicationContext : Root WebApplicationContext: initialization completed in 10901 ms
2020-07-26 07:56:39.979  INFO 7232 --- [restartedMain] o.s.s.concurrent.ThreadPoolTaskExecutor  : Initializing ExecutorService 'applicationTaskExecutor'
2020-07-26 07:56:40.179  INFO 7232 --- [task-1] o.hibernate.jpa.internal.util.LogHelper  : HHH000204: Processing PersistenceUnitInfo [name: default]
2020-07-26 07:56:40.549  INFO 7232 --- [task-1] org.hibernate.Version                    : HHH000412: Hibernate ORM core version 5.4.17.Final
2020-07-26 07:56:41.668  INFO 7232 --- [task-1] o.hibernate.annotations.common.Version   : HCANN000001: Hibernate Commons Annotations {5.1.0.Final}
2020-07-26 07:56:42.170  INFO 7232 --- [task-1] com.zaxxer.hikari.HikariDataSource       : HikariPool-1 - Starting...
2020-07-26 07:56:43.204  INFO 7232 --- [task-1] com.zaxxer.hikari.HikariDataSource       : HikariPool-1 - Start completed.
2020-07-26 07:56:43.289  INFO 7232 --- [task-1] org.hibernate.dialect.Dialect            : HHH000400: Using dialect: org.hibernate.dialect.MySQL55Dialect
2020-07-26 07:56:44.131  WARN 7232 --- [restartedMain] JpaBaseConfiguration$JpaWebConfiguration : spring.jpa.open-in-view is enabled by default. Therefore, database queries may be performed during view rendering. Explicitly configure spring.jpa.open-in-view to disable this warning
2020-07-26 07:56:47.055  INFO 7232 --- [task-1] o.h.e.t.j.p.i.JtaPlatformInitiator       : HHH000490: Using JtaPlatform implementation: [org.hibernate.engine.transaction.jta.platform.internal.NoJtaPlatform]
2020-07-26 07:56:47.055  INFO 7232 --- [task-1] j.LocalContainerEntityManagerFactoryBean : Initialized JPA EntityManagerFactory for persistence unit 'default'
2020-07-26 07:56:49.395  INFO 7232 --- [task-2] o.s.b.d.a.OptionalLiveReloadServer       : LiveReload server is running on port 35729
2020-07-26 07:56:49.495  INFO 7232 --- [restartedMain] o.s.b.w.embedded.tomcat.TomcatWebServer  : Tomcat started on port(s): 8080 (http) with context path ''
2020-07-26 07:56:49.495  INFO 7232 --- [restartedMain] DeferredRepositoryInitializationListener : Triggering deferred initialization of Spring Data repositories…
2020-07-26 07:56:50.482  INFO 7232 --- [restartedMain] DeferredRepositoryInitializationListener : Spring Data repositories initialized!
2020-07-26 07:56:50.498  INFO 7232 --- [restartedMain] S.SchoolCourseSelectionSystemApplication : Started SchoolCourseSelectionSystemApplication in 23.442 seconds (JVM running for 28.135)
2020-07-26 07:57:06.165  INFO 7232 --- [http-nio-8080-exec-1] o.a.c.c.C.[Tomcat].[localhost].[/]       : Initializing Spring DispatcherServlet 'dispatcherServlet'
2020-07-26 07:57:06.165  INFO 7232 --- [http-nio-8080-exec-1] o.s.web.servlet.DispatcherServlet        : Initializing Servlet 'dispatcherServlet'
2020-07-26 07:57:06.181  INFO 7232 --- [http-nio-8080-exec-1] o.s.web.servlet.DispatcherServlet        : Completed initialization in 16 ms
2020-07-26 07:57:07.184  WARN 7232 --- [http-nio-8080-exec-1] o.a.c.util.SessionIdGeneratorBase        : Creation of SecureRandom instance for session ID generation using [SHA1PRNG] took [865] milliseconds.
2020-07-26 08:02:55.526  WARN 7232 --- [http-nio-8080-exec-4] o.h.engine.jdbc.spi.SqlExceptionHelper   : SQL Error: 1451, SQLState: 23000
2020-07-26 08:02:55.526 ERROR 7232 --- [http-nio-8080-exec-4] o.h.engine.jdbc.spi.SqlExceptionHelper   : Cannot delete or update a parent row: a foreign key constraint fails (`selectioncoursesys`.`course`, CONSTRAINT `FKsybhlxoejr4j3teomm5u2bx1n` FOREIGN KEY (`teacher_id`) REFERENCES `teacher` (`id`))
2020-07-26 08:02:55.528  INFO 7232 --- [http-nio-8080-exec-4] o.h.e.j.b.internal.AbstractBatchImpl     : HHH000010: On release of batch it still contained JDBC statements
2020-07-26 08:02:55.675  WARN 7232 --- [http-nio-8080-exec-4] .m.m.a.ExceptionHandlerExceptionResolver : Resolved [org.springframework.dao.DataIntegrityViolationException: could not execute statement; SQL [n/a]; constraint [null]; nested exception is org.hibernate.exception.ConstraintViolationException: could not execute statement]
2020-07-26 08:07:56.771  INFO 9356 --- [restartedMain] S.SchoolCourseSelectionSystemApplication : Starting SchoolCourseSelectionSystemApplication on WIN-3EHTTE3SS16 with PID 9356 (D:\developertools\allcodes\ideacode\SchoolCourseSelectionSystem\target\classes started by Administrator in D:\developertools\allcodes\ideacode\SchoolCourseSelectionSystem)
2020-07-26 08:07:56.774  INFO 9356 --- [restartedMain] S.SchoolCourseSelectionSystemApplication : No active profile set, falling back to default profiles: default
2020-07-26 08:07:56.831  INFO 9356 --- [restartedMain] .e.DevToolsPropertyDefaultsPostProcessor : Devtools property defaults active! Set 'spring.devtools.add-properties' to 'false' to disable
2020-07-26 08:07:56.831  INFO 9356 --- [restartedMain] .e.DevToolsPropertyDefaultsPostProcessor : For additional web related logging consider setting the 'logging.level.web' property to 'DEBUG'
2020-07-26 08:07:57.606  INFO 9356 --- [restartedMain] .s.d.r.c.RepositoryConfigurationDelegate : Multiple Spring Data modules found, entering strict repository configuration mode!
2020-07-26 08:07:57.606  INFO 9356 --- [restartedMain] .s.d.r.c.RepositoryConfigurationDelegate : Bootstrapping Spring Data JPA repositories in DEFERRED mode.
2020-07-26 08:07:57.703  INFO 9356 --- [restartedMain] .s.d.r.c.RepositoryConfigurationDelegate : Finished Spring Data repository scanning in 92ms. Found 5 JPA repository interfaces.
2020-07-26 08:07:57.718  INFO 9356 --- [restartedMain] .s.d.r.c.RepositoryConfigurationDelegate : Multiple Spring Data modules found, entering strict repository configuration mode!
2020-07-26 08:07:57.719  INFO 9356 --- [restartedMain] .s.d.r.c.RepositoryConfigurationDelegate : Bootstrapping Spring Data Redis repositories in DEFAULT mode.
2020-07-26 08:07:57.737  INFO 9356 --- [restartedMain] .RepositoryConfigurationExtensionSupport : Spring Data Redis - Could not safely identify store assignment for repository candidate interface com.cyz.SchoolCourseSelectionSystem.mapper.AdminDao. If you want this repository to be a Redis repository, consider annotating your entities with one of these annotations: org.springframework.data.redis.core.RedisHash (preferred), or consider extending one of the following types with your repository: org.springframework.data.keyvalue.repository.KeyValueRepository.
2020-07-26 08:07:57.738  INFO 9356 --- [restartedMain] .RepositoryConfigurationExtensionSupport : Spring Data Redis - Could not safely identify store assignment for repository candidate interface com.cyz.SchoolCourseSelectionSystem.mapper.ClassDao. If you want this repository to be a Redis repository, consider annotating your entities with one of these annotations: org.springframework.data.redis.core.RedisHash (preferred), or consider extending one of the following types with your repository: org.springframework.data.keyvalue.repository.KeyValueRepository.
2020-07-26 08:07:57.739  INFO 9356 --- [restartedMain] .RepositoryConfigurationExtensionSupport : Spring Data Redis - Could not safely identify store assignment for repository candidate interface com.cyz.SchoolCourseSelectionSystem.mapper.CourseDao. If you want this repository to be a Redis repository, consider annotating your entities with one of these annotations: org.springframework.data.redis.core.RedisHash (preferred), or consider extending one of the following types with your repository: org.springframework.data.keyvalue.repository.KeyValueRepository.
2020-07-26 08:07:57.740  INFO 9356 --- [restartedMain] .RepositoryConfigurationExtensionSupport : Spring Data Redis - Could not safely identify store assignment for repository candidate interface com.cyz.SchoolCourseSelectionSystem.mapper.StudentDao. If you want this repository to be a Redis repository, consider annotating your entities with one of these annotations: org.springframework.data.redis.core.RedisHash (preferred), or consider extending one of the following types with your repository: org.springframework.data.keyvalue.repository.KeyValueRepository.
2020-07-26 08:07:57.740  INFO 9356 --- [restartedMain] .RepositoryConfigurationExtensionSupport : Spring Data Redis - Could not safely identify store assignment for repository candidate interface com.cyz.SchoolCourseSelectionSystem.mapper.TeacherDao. If you want this repository to be a Redis repository, consider annotating your entities with one of these annotations: org.springframework.data.redis.core.RedisHash (preferred), or consider extending one of the following types with your repository: org.springframework.data.keyvalue.repository.KeyValueRepository.
2020-07-26 08:07:57.740  INFO 9356 --- [restartedMain] .s.d.r.c.RepositoryConfigurationDelegate : Finished Spring Data repository scanning in 14ms. Found 0 Redis repository interfaces.
2020-07-26 08:07:58.257  INFO 9356 --- [restartedMain] o.s.b.w.embedded.tomcat.TomcatWebServer  : Tomcat initialized with port(s): 8080 (http)
2020-07-26 08:07:58.265  INFO 9356 --- [restartedMain] o.apache.catalina.core.StandardService   : Starting service [Tomcat]
2020-07-26 08:07:58.266  INFO 9356 --- [restartedMain] org.apache.catalina.core.StandardEngine  : Starting Servlet engine: [Apache Tomcat/9.0.36]
2020-07-26 08:07:58.268  INFO 9356 --- [restartedMain] o.a.catalina.core.AprLifecycleListener   : An older version [1.2.17] of the Apache Tomcat Native library is installed, while Tomcat recommends a minimum version of [1.2.23]
2020-07-26 08:07:58.268  INFO 9356 --- [restartedMain] o.a.catalina.core.AprLifecycleListener   : Loaded Apache Tomcat Native library [1.2.17] using APR version [1.6.3].
2020-07-26 08:07:58.268  INFO 9356 --- [restartedMain] o.a.catalina.core.AprLifecycleListener   : APR capabilities: IPv6 [true], sendfile [true], accept filters [false], random [true].
2020-07-26 08:07:58.268  INFO 9356 --- [restartedMain] o.a.catalina.core.AprLifecycleListener   : APR/OpenSSL configuration: useAprConnector [false], useOpenSSL [true]
2020-07-26 08:07:59.315  INFO 9356 --- [restartedMain] o.a.catalina.core.AprLifecycleListener   : OpenSSL successfully initialized [OpenSSL 1.0.2o  27 Mar 2018]
2020-07-26 08:07:59.405  INFO 9356 --- [restartedMain] o.a.c.c.C.[Tomcat].[localhost].[/]       : Initializing Spring embedded WebApplicationContext
2020-07-26 08:07:59.406  INFO 9356 --- [restartedMain] w.s.c.ServletWebServerApplicationContext : Root WebApplicationContext: initialization completed in 2575 ms
2020-07-26 08:07:59.547  INFO 9356 --- [restartedMain] o.s.s.concurrent.ThreadPoolTaskExecutor  : Initializing ExecutorService 'applicationTaskExecutor'
2020-07-26 08:07:59.589  INFO 9356 --- [task-1] o.hibernate.jpa.internal.util.LogHelper  : HHH000204: Processing PersistenceUnitInfo [name: default]
2020-07-26 08:07:59.626  INFO 9356 --- [task-1] org.hibernate.Version                    : HHH000412: Hibernate ORM core version 5.4.17.Final
2020-07-26 08:07:59.717  INFO 9356 --- [task-1] o.hibernate.annotations.common.Version   : HCANN000001: Hibernate Commons Annotations {5.1.0.Final}
2020-07-26 08:07:59.810  INFO 9356 --- [task-1] com.zaxxer.hikari.HikariDataSource       : HikariPool-1 - Starting...
2020-07-26 08:07:59.897  WARN 9356 --- [restartedMain] JpaBaseConfiguration$JpaWebConfiguration : spring.jpa.open-in-view is enabled by default. Therefore, database queries may be performed during view rendering. Explicitly configure spring.jpa.open-in-view to disable this warning
2020-07-26 08:07:59.913  INFO 9356 --- [task-1] com.zaxxer.hikari.HikariDataSource       : HikariPool-1 - Start completed.
2020-07-26 08:07:59.928  INFO 9356 --- [task-1] org.hibernate.dialect.Dialect            : HHH000400: Using dialect: org.hibernate.dialect.MySQL55Dialect
2020-07-26 08:08:00.633  INFO 9356 --- [task-1] o.h.e.t.j.p.i.JtaPlatformInitiator       : HHH000490: Using JtaPlatform implementation: [org.hibernate.engine.transaction.jta.platform.internal.NoJtaPlatform]
2020-07-26 08:08:00.640  INFO 9356 --- [task-1] j.LocalContainerEntityManagerFactoryBean : Initialized JPA EntityManagerFactory for persistence unit 'default'
2020-07-26 08:08:01.106  INFO 9356 --- [task-2] o.s.b.d.a.OptionalLiveReloadServer       : LiveReload server is running on port 35729
2020-07-26 08:08:01.148  INFO 9356 --- [restartedMain] o.s.b.w.embedded.tomcat.TomcatWebServer  : Tomcat started on port(s): 8080 (http) with context path ''
2020-07-26 08:08:01.149  INFO 9356 --- [restartedMain] DeferredRepositoryInitializationListener : Triggering deferred initialization of Spring Data repositories…
2020-07-26 08:08:01.484  INFO 9356 --- [restartedMain] DeferredRepositoryInitializationListener : Spring Data repositories initialized!
2020-07-26 08:08:01.493  INFO 9356 --- [restartedMain] S.SchoolCourseSelectionSystemApplication : Started SchoolCourseSelectionSystemApplication in 5.085 seconds (JVM running for 6.985)
2020-07-26 08:08:36.690  INFO 9356 --- [http-nio-8080-exec-1] o.a.c.c.C.[Tomcat].[localhost].[/]       : Initializing Spring DispatcherServlet 'dispatcherServlet'
2020-07-26 08:08:36.690  INFO 9356 --- [http-nio-8080-exec-1] o.s.web.servlet.DispatcherServlet        : Initializing Servlet 'dispatcherServlet'
2020-07-26 08:08:36.696  INFO 9356 --- [http-nio-8080-exec-1] o.s.web.servlet.DispatcherServlet        : Completed initialization in 6 ms
2020-07-26 08:08:37.558  WARN 9356 --- [http-nio-8080-exec-1] o.a.c.util.SessionIdGeneratorBase        : Creation of SecureRandom instance for session ID generation using [SHA1PRNG] took [845] milliseconds.
2020-07-26 08:09:18.733  WARN 9356 --- [http-nio-8080-exec-7] o.h.engine.jdbc.spi.SqlExceptionHelper   : SQL Error: 1451, SQLState: 23000
2020-07-26 08:09:18.734 ERROR 9356 --- [http-nio-8080-exec-7] o.h.engine.jdbc.spi.SqlExceptionHelper   : Cannot delete or update a parent row: a foreign key constraint fails (`selectioncoursesys`.`course`, CONSTRAINT `FKsybhlxoejr4j3teomm5u2bx1n` FOREIGN KEY (`teacher_id`) REFERENCES `teacher` (`id`))
2020-07-26 08:09:18.735  INFO 9356 --- [http-nio-8080-exec-7] o.h.e.j.b.internal.AbstractBatchImpl     : HHH000010: On release of batch it still contained JDBC statements
2020-07-26 08:09:18.852  WARN 9356 --- [http-nio-8080-exec-7] .m.m.a.ExceptionHandlerExceptionResolver : Resolved [org.springframework.dao.DataIntegrityViolationException: could not execute statement; SQL [n/a]; constraint [null]; nested exception is org.hibernate.exception.ConstraintViolationException: could not execute statement]
2020-07-26 08:09:31.770  WARN 9356 --- [http-nio-8080-exec-10] o.h.engine.jdbc.spi.SqlExceptionHelper   : SQL Error: 1451, SQLState: 23000
2020-07-26 08:09:31.770 ERROR 9356 --- [http-nio-8080-exec-10] o.h.engine.jdbc.spi.SqlExceptionHelper   : Cannot delete or update a parent row: a foreign key constraint fails (`selectioncoursesys`.`course`, CONSTRAINT `FKs8aqr642dup1oio7xa51t5vw5` FOREIGN KEY (`student_id`) REFERENCES `student` (`id`))
2020-07-26 08:09:31.770  INFO 9356 --- [http-nio-8080-exec-10] o.h.e.j.b.internal.AbstractBatchImpl     : HHH000010: On release of batch it still contained JDBC statements
2020-07-26 08:09:31.805  WARN 9356 --- [http-nio-8080-exec-10] .m.m.a.ExceptionHandlerExceptionResolver : Resolved [org.springframework.dao.DataIntegrityViolationException: could not execute statement; SQL [n/a]; constraint [null]; nested exception is org.hibernate.exception.ConstraintViolationException: could not execute statement]
2020-07-26 08:26:41.128  INFO 8780 --- [restartedMain] S.SchoolCourseSelectionSystemApplication : Starting SchoolCourseSelectionSystemApplication on WIN-3EHTTE3SS16 with PID 8780 (D:\developertools\allcodes\ideacode\SchoolCourseSelectionSystem\target\classes started by Administrator in D:\developertools\allcodes\ideacode\SchoolCourseSelectionSystem)
2020-07-26 08:26:41.132  INFO 8780 --- [restartedMain] S.SchoolCourseSelectionSystemApplication : No active profile set, falling back to default profiles: default
2020-07-26 08:26:41.181  INFO 8780 --- [restartedMain] .e.DevToolsPropertyDefaultsPostProcessor : Devtools property defaults active! Set 'spring.devtools.add-properties' to 'false' to disable
2020-07-26 08:26:41.181  INFO 8780 --- [restartedMain] .e.DevToolsPropertyDefaultsPostProcessor : For additional web related logging consider setting the 'logging.level.web' property to 'DEBUG'
2020-07-26 08:26:41.935  INFO 8780 --- [restartedMain] .s.d.r.c.RepositoryConfigurationDelegate : Multiple Spring Data modules found, entering strict repository configuration mode!
2020-07-26 08:26:41.936  INFO 8780 --- [restartedMain] .s.d.r.c.RepositoryConfigurationDelegate : Bootstrapping Spring Data JPA repositories in DEFERRED mode.
2020-07-26 08:26:42.038  INFO 8780 --- [restartedMain] .s.d.r.c.RepositoryConfigurationDelegate : Finished Spring Data repository scanning in 96ms. Found 5 JPA repository interfaces.
2020-07-26 08:26:42.054  INFO 8780 --- [restartedMain] .s.d.r.c.RepositoryConfigurationDelegate : Multiple Spring Data modules found, entering strict repository configuration mode!
2020-07-26 08:26:42.055  INFO 8780 --- [restartedMain] .s.d.r.c.RepositoryConfigurationDelegate : Bootstrapping Spring Data Redis repositories in DEFAULT mode.
2020-07-26 08:26:42.073  INFO 8780 --- [restartedMain] .RepositoryConfigurationExtensionSupport : Spring Data Redis - Could not safely identify store assignment for repository candidate interface com.cyz.SchoolCourseSelectionSystem.mapper.AdminDao. If you want this repository to be a Redis repository, consider annotating your entities with one of these annotations: org.springframework.data.redis.core.RedisHash (preferred), or consider extending one of the following types with your repository: org.springframework.data.keyvalue.repository.KeyValueRepository.
2020-07-26 08:26:42.073  INFO 8780 --- [restartedMain] .RepositoryConfigurationExtensionSupport : Spring Data Redis - Could not safely identify store assignment for repository candidate interface com.cyz.SchoolCourseSelectionSystem.mapper.ClassDao. If you want this repository to be a Redis repository, consider annotating your entities with one of these annotations: org.springframework.data.redis.core.RedisHash (preferred), or consider extending one of the following types with your repository: org.springframework.data.keyvalue.repository.KeyValueRepository.
2020-07-26 08:26:42.074  INFO 8780 --- [restartedMain] .RepositoryConfigurationExtensionSupport : Spring Data Redis - Could not safely identify store assignment for repository candidate interface com.cyz.SchoolCourseSelectionSystem.mapper.CourseDao. If you want this repository to be a Redis repository, consider annotating your entities with one of these annotations: org.springframework.data.redis.core.RedisHash (preferred), or consider extending one of the following types with your repository: org.springframework.data.keyvalue.repository.KeyValueRepository.
2020-07-26 08:26:42.075  INFO 8780 --- [restartedMain] .RepositoryConfigurationExtensionSupport : Spring Data Redis - Could not safely identify store assignment for repository candidate interface com.cyz.SchoolCourseSelectionSystem.mapper.StudentDao. If you want this repository to be a Redis repository, consider annotating your entities with one of these annotations: org.springframework.data.redis.core.RedisHash (preferred), or consider extending one of the following types with your repository: org.springframework.data.keyvalue.repository.KeyValueRepository.
2020-07-26 08:26:42.075  INFO 8780 --- [restartedMain] .RepositoryConfigurationExtensionSupport : Spring Data Redis - Could not safely identify store assignment for repository candidate interface com.cyz.SchoolCourseSelectionSystem.mapper.TeacherDao. If you want this repository to be a Redis repository, consider annotating your entities with one of these annotations: org.springframework.data.redis.core.RedisHash (preferred), or consider extending one of the following types with your repository: org.springframework.data.keyvalue.repository.KeyValueRepository.
2020-07-26 08:26:42.075  INFO 8780 --- [restartedMain] .s.d.r.c.RepositoryConfigurationDelegate : Finished Spring Data repository scanning in 13ms. Found 0 Redis repository interfaces.
2020-07-26 08:26:42.615  INFO 8780 --- [restartedMain] o.s.b.w.embedded.tomcat.TomcatWebServer  : Tomcat initialized with port(s): 8080 (http)
2020-07-26 08:26:42.624  INFO 8780 --- [restartedMain] o.apache.catalina.core.StandardService   : Starting service [Tomcat]
2020-07-26 08:26:42.624  INFO 8780 --- [restartedMain] org.apache.catalina.core.StandardEngine  : Starting Servlet engine: [Apache Tomcat/9.0.36]
2020-07-26 08:26:42.626  INFO 8780 --- [restartedMain] o.a.catalina.core.AprLifecycleListener   : An older version [1.2.17] of the Apache Tomcat Native library is installed, while Tomcat recommends a minimum version of [1.2.23]
2020-07-26 08:26:42.626  INFO 8780 --- [restartedMain] o.a.catalina.core.AprLifecycleListener   : Loaded Apache Tomcat Native library [1.2.17] using APR version [1.6.3].
2020-07-26 08:26:42.626  INFO 8780 --- [restartedMain] o.a.catalina.core.AprLifecycleListener   : APR capabilities: IPv6 [true], sendfile [true], accept filters [false], random [true].
2020-07-26 08:26:42.626  INFO 8780 --- [restartedMain] o.a.catalina.core.AprLifecycleListener   : APR/OpenSSL configuration: useAprConnector [false], useOpenSSL [true]
2020-07-26 08:26:43.681  INFO 8780 --- [restartedMain] o.a.catalina.core.AprLifecycleListener   : OpenSSL successfully initialized [OpenSSL 1.0.2o  27 Mar 2018]
2020-07-26 08:26:43.769  INFO 8780 --- [restartedMain] o.a.c.c.C.[Tomcat].[localhost].[/]       : Initializing Spring embedded WebApplicationContext
2020-07-26 08:26:43.769  INFO 8780 --- [restartedMain] w.s.c.ServletWebServerApplicationContext : Root WebApplicationContext: initialization completed in 2588 ms
2020-07-26 08:26:43.941  INFO 8780 --- [restartedMain] o.s.s.concurrent.ThreadPoolTaskExecutor  : Initializing ExecutorService 'applicationTaskExecutor'
2020-07-26 08:26:43.981  INFO 8780 --- [task-1] o.hibernate.jpa.internal.util.LogHelper  : HHH000204: Processing PersistenceUnitInfo [name: default]
2020-07-26 08:26:44.018  INFO 8780 --- [task-1] org.hibernate.Version                    : HHH000412: Hibernate ORM core version 5.4.17.Final
2020-07-26 08:26:44.106  INFO 8780 --- [task-1] o.hibernate.annotations.common.Version   : HCANN000001: Hibernate Commons Annotations {5.1.0.Final}
2020-07-26 08:26:44.200  INFO 8780 --- [task-1] com.zaxxer.hikari.HikariDataSource       : HikariPool-1 - Starting...
2020-07-26 08:26:44.280  WARN 8780 --- [restartedMain] JpaBaseConfiguration$JpaWebConfiguration : spring.jpa.open-in-view is enabled by default. Therefore, database queries may be performed during view rendering. Explicitly configure spring.jpa.open-in-view to disable this warning
2020-07-26 08:26:44.317  INFO 8780 --- [task-1] com.zaxxer.hikari.HikariDataSource       : HikariPool-1 - Start completed.
2020-07-26 08:26:44.337  INFO 8780 --- [task-1] org.hibernate.dialect.Dialect            : HHH000400: Using dialect: org.hibernate.dialect.MySQL55Dialect
2020-07-26 08:26:45.055  INFO 8780 --- [task-1] o.h.e.t.j.p.i.JtaPlatformInitiator       : HHH000490: Using JtaPlatform implementation: [org.hibernate.engine.transaction.jta.platform.internal.NoJtaPlatform]
2020-07-26 08:26:45.060  INFO 8780 --- [task-1] j.LocalContainerEntityManagerFactoryBean : Initialized JPA EntityManagerFactory for persistence unit 'default'
2020-07-26 08:26:45.549  INFO 8780 --- [task-2] o.s.b.d.a.OptionalLiveReloadServer       : LiveReload server is running on port 35729
2020-07-26 08:26:45.590  INFO 8780 --- [restartedMain] o.s.b.w.embedded.tomcat.TomcatWebServer  : Tomcat started on port(s): 8080 (http) with context path ''
2020-07-26 08:26:45.591  INFO 8780 --- [restartedMain] DeferredRepositoryInitializationListener : Triggering deferred initialization of Spring Data repositories…
2020-07-26 08:26:45.911  INFO 8780 --- [restartedMain] DeferredRepositoryInitializationListener : Spring Data repositories initialized!
2020-07-26 08:26:45.920  INFO 8780 --- [restartedMain] S.SchoolCourseSelectionSystemApplication : Started SchoolCourseSelectionSystemApplication in 5.146 seconds (JVM running for 6.879)
2020-07-26 08:26:47.383  INFO 8780 --- [http-nio-8080-exec-1] o.a.c.c.C.[Tomcat].[localhost].[/]       : Initializing Spring DispatcherServlet 'dispatcherServlet'
2020-07-26 08:26:47.383  INFO 8780 --- [http-nio-8080-exec-1] o.s.web.servlet.DispatcherServlet        : Initializing Servlet 'dispatcherServlet'
2020-07-26 08:26:47.389  INFO 8780 --- [http-nio-8080-exec-1] o.s.web.servlet.DispatcherServlet        : Completed initialization in 6 ms
2020-07-26 08:26:48.396  WARN 8780 --- [http-nio-8080-exec-1] o.a.c.util.SessionIdGeneratorBase        : Creation of SecureRandom instance for session ID generation using [SHA1PRNG] took [993] milliseconds.
2020-07-26 08:27:01.416  WARN 8780 --- [http-nio-8080-exec-10] o.h.engine.jdbc.spi.SqlExceptionHelper   : SQL Error: 1451, SQLState: 23000
2020-07-26 08:27:01.416 ERROR 8780 --- [http-nio-8080-exec-10] o.h.engine.jdbc.spi.SqlExceptionHelper   : Cannot delete or update a parent row: a foreign key constraint fails (`selectioncoursesys`.`course`, CONSTRAINT `FKs8aqr642dup1oio7xa51t5vw5` FOREIGN KEY (`student_id`) REFERENCES `student` (`id`))
2020-07-26 08:27:01.417  INFO 8780 --- [http-nio-8080-exec-10] o.h.e.j.b.internal.AbstractBatchImpl     : HHH000010: On release of batch it still contained JDBC statements
2020-07-26 08:27:01.553  WARN 8780 --- [http-nio-8080-exec-10] .m.m.a.ExceptionHandlerExceptionResolver : Resolved [org.springframework.dao.DataIntegrityViolationException: could not execute statement; SQL [n/a]; constraint [null]; nested exception is org.hibernate.exception.ConstraintViolationException: could not execute statement]
2020-07-26 08:27:45.219  WARN 8780 --- [http-nio-8080-exec-7] o.h.engine.jdbc.spi.SqlExceptionHelper   : SQL Error: 1451, SQLState: 23000
2020-07-26 08:27:45.219 ERROR 8780 --- [http-nio-8080-exec-7] o.h.engine.jdbc.spi.SqlExceptionHelper   : Cannot delete or update a parent row: a foreign key constraint fails (`selectioncoursesys`.`course`, CONSTRAINT `FKs8aqr642dup1oio7xa51t5vw5` FOREIGN KEY (`student_id`) REFERENCES `student` (`id`))
2020-07-26 08:27:45.219  INFO 8780 --- [http-nio-8080-exec-7] o.h.e.j.b.internal.AbstractBatchImpl     : HHH000010: On release of batch it still contained JDBC statements
2020-07-26 08:27:45.266  WARN 8780 --- [http-nio-8080-exec-7] .m.m.a.ExceptionHandlerExceptionResolver : Resolved [org.springframework.dao.DataIntegrityViolationException: could not execute statement; SQL [n/a]; constraint [null]; nested exception is org.hibernate.exception.ConstraintViolationException: could not execute statement]
2020-07-26 08:27:58.768  WARN 8780 --- [http-nio-8080-exec-7] o.h.engine.jdbc.spi.SqlExceptionHelper   : SQL Error: 1451, SQLState: 23000
2020-07-26 08:27:58.768 ERROR 8780 --- [http-nio-8080-exec-7] o.h.engine.jdbc.spi.SqlExceptionHelper   : Cannot delete or update a parent row: a foreign key constraint fails (`selectioncoursesys`.`course`, CONSTRAINT `FKsybhlxoejr4j3teomm5u2bx1n` FOREIGN KEY (`teacher_id`) REFERENCES `teacher` (`id`))
2020-07-26 08:27:58.768  INFO 8780 --- [http-nio-8080-exec-7] o.h.e.j.b.internal.AbstractBatchImpl     : HHH000010: On release of batch it still contained JDBC statements
2020-07-26 08:27:58.833  WARN 8780 --- [http-nio-8080-exec-7] .m.m.a.ExceptionHandlerExceptionResolver : Resolved [org.springframework.dao.DataIntegrityViolationException: could not execute statement; SQL [n/a]; constraint [null]; nested exception is org.hibernate.exception.ConstraintViolationException: could not execute statement]
2020-07-26 08:28:19.115  WARN 8780 --- [http-nio-8080-exec-4] o.h.engine.jdbc.spi.SqlExceptionHelper   : SQL Error: 1451, SQLState: 23000
2020-07-26 08:28:19.115 ERROR 8780 --- [http-nio-8080-exec-4] o.h.engine.jdbc.spi.SqlExceptionHelper   : Cannot delete or update a parent row: a foreign key constraint fails (`selectioncoursesys`.`student`, CONSTRAINT `FKr46qnquramrap92tsjuqm0qxn` FOREIGN KEY (`a_class_id`) REFERENCES `class` (`id`))
2020-07-26 08:28:19.115  INFO 8780 --- [http-nio-8080-exec-4] o.h.e.j.b.internal.AbstractBatchImpl     : HHH000010: On release of batch it still contained JDBC statements
2020-07-26 08:28:19.181  WARN 8780 --- [http-nio-8080-exec-4] .m.m.a.ExceptionHandlerExceptionResolver : Resolved [org.springframework.dao.DataIntegrityViolationException: could not execute statement; SQL [n/a]; constraint [null]; nested exception is org.hibernate.exception.ConstraintViolationException: could not execute statement]
2020-07-26 08:57:55.918  INFO 7836 --- [restartedMain] S.SchoolCourseSelectionSystemApplication : Starting SchoolCourseSelectionSystemApplication on WIN-3EHTTE3SS16 with PID 7836 (D:\developertools\allcodes\ideacode\SchoolCourseSelectionSystem\target\classes started by Administrator in D:\developertools\allcodes\ideacode\SchoolCourseSelectionSystem)
2020-07-26 08:57:55.921  INFO 7836 --- [restartedMain] S.SchoolCourseSelectionSystemApplication : No active profile set, falling back to default profiles: default
2020-07-26 08:57:55.982  INFO 7836 --- [restartedMain] .e.DevToolsPropertyDefaultsPostProcessor : Devtools property defaults active! Set 'spring.devtools.add-properties' to 'false' to disable
2020-07-26 08:57:55.983  INFO 7836 --- [restartedMain] .e.DevToolsPropertyDefaultsPostProcessor : For additional web related logging consider setting the 'logging.level.web' property to 'DEBUG'
2020-07-26 08:57:56.758  INFO 7836 --- [restartedMain] .s.d.r.c.RepositoryConfigurationDelegate : Multiple Spring Data modules found, entering strict repository configuration mode!
2020-07-26 08:57:56.758  INFO 7836 --- [restartedMain] .s.d.r.c.RepositoryConfigurationDelegate : Bootstrapping Spring Data JPA repositories in DEFERRED mode.
2020-07-26 08:57:56.852  INFO 7836 --- [restartedMain] .s.d.r.c.RepositoryConfigurationDelegate : Finished Spring Data repository scanning in 87ms. Found 5 JPA repository interfaces.
2020-07-26 08:57:56.866  INFO 7836 --- [restartedMain] .s.d.r.c.RepositoryConfigurationDelegate : Multiple Spring Data modules found, entering strict repository configuration mode!
2020-07-26 08:57:56.868  INFO 7836 --- [restartedMain] .s.d.r.c.RepositoryConfigurationDelegate : Bootstrapping Spring Data Redis repositories in DEFAULT mode.
2020-07-26 08:57:56.887  INFO 7836 --- [restartedMain] .RepositoryConfigurationExtensionSupport : Spring Data Redis - Could not safely identify store assignment for repository candidate interface com.cyz.SchoolCourseSelectionSystem.mapper.AdminDao. If you want this repository to be a Redis repository, consider annotating your entities with one of these annotations: org.springframework.data.redis.core.RedisHash (preferred), or consider extending one of the following types with your repository: org.springframework.data.keyvalue.repository.KeyValueRepository.
2020-07-26 08:57:56.887  INFO 7836 --- [restartedMain] .RepositoryConfigurationExtensionSupport : Spring Data Redis - Could not safely identify store assignment for repository candidate interface com.cyz.SchoolCourseSelectionSystem.mapper.ClassDao. If you want this repository to be a Redis repository, consider annotating your entities with one of these annotations: org.springframework.data.redis.core.RedisHash (preferred), or consider extending one of the following types with your repository: org.springframework.data.keyvalue.repository.KeyValueRepository.
2020-07-26 08:57:56.888  INFO 7836 --- [restartedMain] .RepositoryConfigurationExtensionSupport : Spring Data Redis - Could not safely identify store assignment for repository candidate interface com.cyz.SchoolCourseSelectionSystem.mapper.CourseDao. If you want this repository to be a Redis repository, consider annotating your entities with one of these annotations: org.springframework.data.redis.core.RedisHash (preferred), or consider extending one of the following types with your repository: org.springframework.data.keyvalue.repository.KeyValueRepository.
2020-07-26 08:57:56.889  INFO 7836 --- [restartedMain] .RepositoryConfigurationExtensionSupport : Spring Data Redis - Could not safely identify store assignment for repository candidate interface com.cyz.SchoolCourseSelectionSystem.mapper.StudentDao. If you want this repository to be a Redis repository, consider annotating your entities with one of these annotations: org.springframework.data.redis.core.RedisHash (preferred), or consider extending one of the following types with your repository: org.springframework.data.keyvalue.repository.KeyValueRepository.
2020-07-26 08:57:56.889  INFO 7836 --- [restartedMain] .RepositoryConfigurationExtensionSupport : Spring Data Redis - Could not safely identify store assignment for repository candidate interface com.cyz.SchoolCourseSelectionSystem.mapper.TeacherDao. If you want this repository to be a Redis repository, consider annotating your entities with one of these annotations: org.springframework.data.redis.core.RedisHash (preferred), or consider extending one of the following types with your repository: org.springframework.data.keyvalue.repository.KeyValueRepository.
2020-07-26 08:57:56.889  INFO 7836 --- [restartedMain] .s.d.r.c.RepositoryConfigurationDelegate : Finished Spring Data repository scanning in 12ms. Found 0 Redis repository interfaces.
2020-07-26 08:57:57.407  INFO 7836 --- [restartedMain] o.s.b.w.embedded.tomcat.TomcatWebServer  : Tomcat initialized with port(s): 8080 (http)
2020-07-26 08:57:57.417  INFO 7836 --- [restartedMain] o.apache.catalina.core.StandardService   : Starting service [Tomcat]
2020-07-26 08:57:57.418  INFO 7836 --- [restartedMain] org.apache.catalina.core.StandardEngine  : Starting Servlet engine: [Apache Tomcat/9.0.36]
2020-07-26 08:57:57.419  INFO 7836 --- [restartedMain] o.a.catalina.core.AprLifecycleListener   : An older version [1.2.17] of the Apache Tomcat Native library is installed, while Tomcat recommends a minimum version of [1.2.23]
2020-07-26 08:57:57.420  INFO 7836 --- [restartedMain] o.a.catalina.core.AprLifecycleListener   : Loaded Apache Tomcat Native library [1.2.17] using APR version [1.6.3].
2020-07-26 08:57:57.420  INFO 7836 --- [restartedMain] o.a.catalina.core.AprLifecycleListener   : APR capabilities: IPv6 [true], sendfile [true], accept filters [false], random [true].
2020-07-26 08:57:57.421  INFO 7836 --- [restartedMain] o.a.catalina.core.AprLifecycleListener   : APR/OpenSSL configuration: useAprConnector [false], useOpenSSL [true]
2020-07-26 08:57:58.477  INFO 7836 --- [restartedMain] o.a.catalina.core.AprLifecycleListener   : OpenSSL successfully initialized [OpenSSL 1.0.2o  27 Mar 2018]
2020-07-26 08:57:58.574  INFO 7836 --- [restartedMain] o.a.c.c.C.[Tomcat].[localhost].[/]       : Initializing Spring embedded WebApplicationContext
2020-07-26 08:57:58.575  INFO 7836 --- [restartedMain] w.s.c.ServletWebServerApplicationContext : Root WebApplicationContext: initialization completed in 2592 ms
2020-07-26 08:57:58.747  INFO 7836 --- [restartedMain] o.s.s.concurrent.ThreadPoolTaskExecutor  : Initializing ExecutorService 'applicationTaskExecutor'
2020-07-26 08:57:58.791  INFO 7836 --- [task-1] o.hibernate.jpa.internal.util.LogHelper  : HHH000204: Processing PersistenceUnitInfo [name: default]
2020-07-26 08:57:58.839  INFO 7836 --- [task-1] org.hibernate.Version                    : HHH000412: Hibernate ORM core version 5.4.17.Final
2020-07-26 08:57:58.953  INFO 7836 --- [task-1] o.hibernate.annotations.common.Version   : HCANN000001: Hibernate Commons Annotations {5.1.0.Final}
2020-07-26 08:57:59.056  INFO 7836 --- [task-1] com.zaxxer.hikari.HikariDataSource       : HikariPool-1 - Starting...
2020-07-26 08:57:59.135  WARN 7836 --- [restartedMain] JpaBaseConfiguration$JpaWebConfiguration : spring.jpa.open-in-view is enabled by default. Therefore, database queries may be performed during view rendering. Explicitly configure spring.jpa.open-in-view to disable this warning
2020-07-26 08:57:59.160  INFO 7836 --- [task-1] com.zaxxer.hikari.HikariDataSource       : HikariPool-1 - Start completed.
2020-07-26 08:57:59.173  INFO 7836 --- [task-1] org.hibernate.dialect.Dialect            : HHH000400: Using dialect: org.hibernate.dialect.MySQL55Dialect
2020-07-26 08:57:59.846  INFO 7836 --- [task-1] o.h.e.t.j.p.i.JtaPlatformInitiator       : HHH000490: Using JtaPlatform implementation: [org.hibernate.engine.transaction.jta.platform.internal.NoJtaPlatform]
2020-07-26 08:57:59.852  INFO 7836 --- [task-1] j.LocalContainerEntityManagerFactoryBean : Initialized JPA EntityManagerFactory for persistence unit 'default'
2020-07-26 08:58:00.370  INFO 7836 --- [task-2] o.s.b.d.a.OptionalLiveReloadServer       : LiveReload server is running on port 35729
2020-07-26 08:58:00.410  INFO 7836 --- [restartedMain] o.s.b.w.embedded.tomcat.TomcatWebServer  : Tomcat started on port(s): 8080 (http) with context path ''
2020-07-26 08:58:00.411  INFO 7836 --- [restartedMain] DeferredRepositoryInitializationListener : Triggering deferred initialization of Spring Data repositories…
2020-07-26 08:58:00.719  INFO 7836 --- [restartedMain] DeferredRepositoryInitializationListener : Spring Data repositories initialized!
2020-07-26 08:58:00.728  INFO 7836 --- [restartedMain] S.SchoolCourseSelectionSystemApplication : Started SchoolCourseSelectionSystemApplication in 5.15 seconds (JVM running for 6.855)
2020-07-26 08:58:03.649  INFO 7836 --- [http-nio-8080-exec-1] o.a.c.c.C.[Tomcat].[localhost].[/]       : Initializing Spring DispatcherServlet 'dispatcherServlet'
2020-07-26 08:58:03.649  INFO 7836 --- [http-nio-8080-exec-1] o.s.web.servlet.DispatcherServlet        : Initializing Servlet 'dispatcherServlet'
2020-07-26 08:58:03.658  INFO 7836 --- [http-nio-8080-exec-1] o.s.web.servlet.DispatcherServlet        : Completed initialization in 9 ms
2020-07-26 08:58:04.566  WARN 7836 --- [http-nio-8080-exec-1] o.a.c.util.SessionIdGeneratorBase        : Creation of SecureRandom instance for session ID generation using [SHA1PRNG] took [894] milliseconds.
2020-07-26 08:58:43.503  WARN 7836 --- [http-nio-8080-exec-6] .m.m.a.ExceptionHandlerExceptionResolver : Resolved [org.springframework.dao.IncorrectResultSizeDataAccessException: query did not return a unique result: 3; nested exception is javax.persistence.NonUniqueResultException: query did not return a unique result: 3]
2020-07-26 09:02:00.342  INFO 6424 --- [restartedMain] S.SchoolCourseSelectionSystemApplication : Starting SchoolCourseSelectionSystemApplication on WIN-3EHTTE3SS16 with PID 6424 (D:\developertools\allcodes\ideacode\SchoolCourseSelectionSystem\target\classes started by Administrator in D:\developertools\allcodes\ideacode\SchoolCourseSelectionSystem)
2020-07-26 09:02:00.345  INFO 6424 --- [restartedMain] S.SchoolCourseSelectionSystemApplication : No active profile set, falling back to default profiles: default
2020-07-26 09:02:00.401  INFO 6424 --- [restartedMain] .e.DevToolsPropertyDefaultsPostProcessor : Devtools property defaults active! Set 'spring.devtools.add-properties' to 'false' to disable
2020-07-26 09:02:00.401  INFO 6424 --- [restartedMain] .e.DevToolsPropertyDefaultsPostProcessor : For additional web related logging consider setting the 'logging.level.web' property to 'DEBUG'
2020-07-26 09:02:01.099  INFO 6424 --- [restartedMain] .s.d.r.c.RepositoryConfigurationDelegate : Multiple Spring Data modules found, entering strict repository configuration mode!
2020-07-26 09:02:01.100  INFO 6424 --- [restartedMain] .s.d.r.c.RepositoryConfigurationDelegate : Bootstrapping Spring Data JPA repositories in DEFERRED mode.
2020-07-26 09:02:01.193  INFO 6424 --- [restartedMain] .s.d.r.c.RepositoryConfigurationDelegate : Finished Spring Data repository scanning in 88ms. Found 5 JPA repository interfaces.
2020-07-26 09:02:01.205  INFO 6424 --- [restartedMain] .s.d.r.c.RepositoryConfigurationDelegate : Multiple Spring Data modules found, entering strict repository configuration mode!
2020-07-26 09:02:01.207  INFO 6424 --- [restartedMain] .s.d.r.c.RepositoryConfigurationDelegate : Bootstrapping Spring Data Redis repositories in DEFAULT mode.
2020-07-26 09:02:01.225  INFO 6424 --- [restartedMain] .RepositoryConfigurationExtensionSupport : Spring Data Redis - Could not safely identify store assignment for repository candidate interface com.cyz.SchoolCourseSelectionSystem.mapper.AdminDao. If you want this repository to be a Redis repository, consider annotating your entities with one of these annotations: org.springframework.data.redis.core.RedisHash (preferred), or consider extending one of the following types with your repository: org.springframework.data.keyvalue.repository.KeyValueRepository.
2020-07-26 09:02:01.225  INFO 6424 --- [restartedMain] .RepositoryConfigurationExtensionSupport : Spring Data Redis - Could not safely identify store assignment for repository candidate interface com.cyz.SchoolCourseSelectionSystem.mapper.ClassDao. If you want this repository to be a Redis repository, consider annotating your entities with one of these annotations: org.springframework.data.redis.core.RedisHash (preferred), or consider extending one of the following types with your repository: org.springframework.data.keyvalue.repository.KeyValueRepository.
2020-07-26 09:02:01.226  INFO 6424 --- [restartedMain] .RepositoryConfigurationExtensionSupport : Spring Data Redis - Could not safely identify store assignment for repository candidate interface com.cyz.SchoolCourseSelectionSystem.mapper.CourseDao. If you want this repository to be a Redis repository, consider annotating your entities with one of these annotations: org.springframework.data.redis.core.RedisHash (preferred), or consider extending one of the following types with your repository: org.springframework.data.keyvalue.repository.KeyValueRepository.
2020-07-26 09:02:01.227  INFO 6424 --- [restartedMain] .RepositoryConfigurationExtensionSupport : Spring Data Redis - Could not safely identify store assignment for repository candidate interface com.cyz.SchoolCourseSelectionSystem.mapper.StudentDao. If you want this repository to be a Redis repository, consider annotating your entities with one of these annotations: org.springframework.data.redis.core.RedisHash (preferred), or consider extending one of the following types with your repository: org.springframework.data.keyvalue.repository.KeyValueRepository.
2020-07-26 09:02:01.227  INFO 6424 --- [restartedMain] .RepositoryConfigurationExtensionSupport : Spring Data Redis - Could not safely identify store assignment for repository candidate interface com.cyz.SchoolCourseSelectionSystem.mapper.TeacherDao. If you want this repository to be a Redis repository, consider annotating your entities with one of these annotations: org.springframework.data.redis.core.RedisHash (preferred), or consider extending one of the following types with your repository: org.springframework.data.keyvalue.repository.KeyValueRepository.
2020-07-26 09:02:01.227  INFO 6424 --- [restartedMain] .s.d.r.c.RepositoryConfigurationDelegate : Finished Spring Data repository scanning in 13ms. Found 0 Redis repository interfaces.
2020-07-26 09:02:01.730  INFO 6424 --- [restartedMain] o.s.b.w.embedded.tomcat.TomcatWebServer  : Tomcat initialized with port(s): 8080 (http)
2020-07-26 09:02:01.738  INFO 6424 --- [restartedMain] o.apache.catalina.core.StandardService   : Starting service [Tomcat]
2020-07-26 09:02:01.738  INFO 6424 --- [restartedMain] org.apache.catalina.core.StandardEngine  : Starting Servlet engine: [Apache Tomcat/9.0.36]
2020-07-26 09:02:01.740  INFO 6424 --- [restartedMain] o.a.catalina.core.AprLifecycleListener   : An older version [1.2.17] of the Apache Tomcat Native library is installed, while Tomcat recommends a minimum version of [1.2.23]
2020-07-26 09:02:01.740  INFO 6424 --- [restartedMain] o.a.catalina.core.AprLifecycleListener   : Loaded Apache Tomcat Native library [1.2.17] using APR version [1.6.3].
2020-07-26 09:02:01.740  INFO 6424 --- [restartedMain] o.a.catalina.core.AprLifecycleListener   : APR capabilities: IPv6 [true], sendfile [true], accept filters [false], random [true].
2020-07-26 09:02:01.741  INFO 6424 --- [restartedMain] o.a.catalina.core.AprLifecycleListener   : APR/OpenSSL configuration: useAprConnector [false], useOpenSSL [true]
2020-07-26 09:02:02.809  INFO 6424 --- [restartedMain] o.a.catalina.core.AprLifecycleListener   : OpenSSL successfully initialized [OpenSSL 1.0.2o  27 Mar 2018]
2020-07-26 09:02:02.898  INFO 6424 --- [restartedMain] o.a.c.c.C.[Tomcat].[localhost].[/]       : Initializing Spring embedded WebApplicationContext
2020-07-26 09:02:02.898  INFO 6424 --- [restartedMain] w.s.c.ServletWebServerApplicationContext : Root WebApplicationContext: initialization completed in 2497 ms
2020-07-26 09:02:03.035  INFO 6424 --- [restartedMain] o.s.s.concurrent.ThreadPoolTaskExecutor  : Initializing ExecutorService 'applicationTaskExecutor'
2020-07-26 09:02:03.072  INFO 6424 --- [task-1] o.hibernate.jpa.internal.util.LogHelper  : HHH000204: Processing PersistenceUnitInfo [name: default]
2020-07-26 09:02:03.108  INFO 6424 --- [task-1] org.hibernate.Version                    : HHH000412: Hibernate ORM core version 5.4.17.Final
2020-07-26 09:02:03.195  INFO 6424 --- [task-1] o.hibernate.annotations.common.Version   : HCANN000001: Hibernate Commons Annotations {5.1.0.Final}
2020-07-26 09:02:03.286  INFO 6424 --- [task-1] com.zaxxer.hikari.HikariDataSource       : HikariPool-1 - Starting...
2020-07-26 09:02:03.367  WARN 6424 --- [restartedMain] JpaBaseConfiguration$JpaWebConfiguration : spring.jpa.open-in-view is enabled by default. Therefore, database queries may be performed during view rendering. Explicitly configure spring.jpa.open-in-view to disable this warning
2020-07-26 09:02:03.390  INFO 6424 --- [task-1] com.zaxxer.hikari.HikariDataSource       : HikariPool-1 - Start completed.
2020-07-26 09:02:03.404  INFO 6424 --- [task-1] org.hibernate.dialect.Dialect            : HHH000400: Using dialect: org.hibernate.dialect.MySQL55Dialect
2020-07-26 09:02:04.119  INFO 6424 --- [task-1] o.h.e.t.j.p.i.JtaPlatformInitiator       : HHH000490: Using JtaPlatform implementation: [org.hibernate.engine.transaction.jta.platform.internal.NoJtaPlatform]
2020-07-26 09:02:04.125  INFO 6424 --- [task-1] j.LocalContainerEntityManagerFactoryBean : Initialized JPA EntityManagerFactory for persistence unit 'default'
2020-07-26 09:02:04.543  INFO 6424 --- [restartedMain] o.s.b.d.a.OptionalLiveReloadServer       : LiveReload server is running on port 35729
2020-07-26 09:02:04.583  INFO 6424 --- [restartedMain] o.s.b.w.embedded.tomcat.TomcatWebServer  : Tomcat started on port(s): 8080 (http) with context path ''
2020-07-26 09:02:04.584  INFO 6424 --- [restartedMain] DeferredRepositoryInitializationListener : Triggering deferred initialization of Spring Data repositories…
2020-07-26 09:02:04.896  INFO 6424 --- [restartedMain] DeferredRepositoryInitializationListener : Spring Data repositories initialized!
2020-07-26 09:02:04.904  INFO 6424 --- [restartedMain] S.SchoolCourseSelectionSystemApplication : Started SchoolCourseSelectionSystemApplication in 4.959 seconds (JVM running for 6.672)
2020-07-26 09:02:08.210  INFO 6424 --- [http-nio-8080-exec-1] o.a.c.c.C.[Tomcat].[localhost].[/]       : Initializing Spring DispatcherServlet 'dispatcherServlet'
2020-07-26 09:02:08.210  INFO 6424 --- [http-nio-8080-exec-1] o.s.web.servlet.DispatcherServlet        : Initializing Servlet 'dispatcherServlet'
2020-07-26 09:02:08.217  INFO 6424 --- [http-nio-8080-exec-1] o.s.web.servlet.DispatcherServlet        : Completed initialization in 6 ms
2020-07-26 09:02:09.118  WARN 6424 --- [http-nio-8080-exec-1] o.a.c.util.SessionIdGeneratorBase        : Creation of SecureRandom instance for session ID generation using [SHA1PRNG] took [885] milliseconds.
2020-07-26 09:04:32.359  INFO 3704 --- [restartedMain] S.SchoolCourseSelectionSystemApplication : Starting SchoolCourseSelectionSystemApplication on WIN-3EHTTE3SS16 with PID 3704 (D:\developertools\allcodes\ideacode\SchoolCourseSelectionSystem\target\classes started by Administrator in D:\developertools\allcodes\ideacode\SchoolCourseSelectionSystem)
2020-07-26 09:04:32.361  INFO 3704 --- [restartedMain] S.SchoolCourseSelectionSystemApplication : No active profile set, falling back to default profiles: default
2020-07-26 09:04:32.411  INFO 3704 --- [restartedMain] .e.DevToolsPropertyDefaultsPostProcessor : Devtools property defaults active! Set 'spring.devtools.add-properties' to 'false' to disable
2020-07-26 09:04:32.412  INFO 3704 --- [restartedMain] .e.DevToolsPropertyDefaultsPostProcessor : For additional web related logging consider setting the 'logging.level.web' property to 'DEBUG'
2020-07-26 09:04:33.140  INFO 3704 --- [restartedMain] .s.d.r.c.RepositoryConfigurationDelegate : Multiple Spring Data modules found, entering strict repository configuration mode!
2020-07-26 09:04:33.141  INFO 3704 --- [restartedMain] .s.d.r.c.RepositoryConfigurationDelegate : Bootstrapping Spring Data JPA repositories in DEFERRED mode.
2020-07-26 09:04:33.240  INFO 3704 --- [restartedMain] .s.d.r.c.RepositoryConfigurationDelegate : Finished Spring Data repository scanning in 92ms. Found 5 JPA repository interfaces.
2020-07-26 09:04:33.251  INFO 3704 --- [restartedMain] .s.d.r.c.RepositoryConfigurationDelegate : Multiple Spring Data modules found, entering strict repository configuration mode!
2020-07-26 09:04:33.252  INFO 3704 --- [restartedMain] .s.d.r.c.RepositoryConfigurationDelegate : Bootstrapping Spring Data Redis repositories in DEFAULT mode.
2020-07-26 09:04:33.269  INFO 3704 --- [restartedMain] .RepositoryConfigurationExtensionSupport : Spring Data Redis - Could not safely identify store assignment for repository candidate interface com.cyz.SchoolCourseSelectionSystem.mapper.AdminDao. If you want this repository to be a Redis repository, consider annotating your entities with one of these annotations: org.springframework.data.redis.core.RedisHash (preferred), or consider extending one of the following types with your repository: org.springframework.data.keyvalue.repository.KeyValueRepository.
2020-07-26 09:04:33.270  INFO 3704 --- [restartedMain] .RepositoryConfigurationExtensionSupport : Spring Data Redis - Could not safely identify store assignment for repository candidate interface com.cyz.SchoolCourseSelectionSystem.mapper.ClassDao. If you want this repository to be a Redis repository, consider annotating your entities with one of these annotations: org.springframework.data.redis.core.RedisHash (preferred), or consider extending one of the following types with your repository: org.springframework.data.keyvalue.repository.KeyValueRepository.
2020-07-26 09:04:33.271  INFO 3704 --- [restartedMain] .RepositoryConfigurationExtensionSupport : Spring Data Redis - Could not safely identify store assignment for repository candidate interface com.cyz.SchoolCourseSelectionSystem.mapper.CourseDao. If you want this repository to be a Redis repository, consider annotating your entities with one of these annotations: org.springframework.data.redis.core.RedisHash (preferred), or consider extending one of the following types with your repository: org.springframework.data.keyvalue.repository.KeyValueRepository.
2020-07-26 09:04:33.272  INFO 3704 --- [restartedMain] .RepositoryConfigurationExtensionSupport : Spring Data Redis - Could not safely identify store assignment for repository candidate interface com.cyz.SchoolCourseSelectionSystem.mapper.StudentDao. If you want this repository to be a Redis repository, consider annotating your entities with one of these annotations: org.springframework.data.redis.core.RedisHash (preferred), or consider extending one of the following types with your repository: org.springframework.data.keyvalue.repository.KeyValueRepository.
2020-07-26 09:04:33.272  INFO 3704 --- [restartedMain] .RepositoryConfigurationExtensionSupport : Spring Data Redis - Could not safely identify store assignment for repository candidate interface com.cyz.SchoolCourseSelectionSystem.mapper.TeacherDao. If you want this repository to be a Redis repository, consider annotating your entities with one of these annotations: org.springframework.data.redis.core.RedisHash (preferred), or consider extending one of the following types with your repository: org.springframework.data.keyvalue.repository.KeyValueRepository.
2020-07-26 09:04:33.273  INFO 3704 --- [restartedMain] .s.d.r.c.RepositoryConfigurationDelegate : Finished Spring Data repository scanning in 14ms. Found 0 Redis repository interfaces.
2020-07-26 09:04:33.848  INFO 3704 --- [restartedMain] o.s.b.w.embedded.tomcat.TomcatWebServer  : Tomcat initialized with port(s): 8080 (http)
2020-07-26 09:04:33.856  INFO 3704 --- [restartedMain] o.apache.catalina.core.StandardService   : Starting service [Tomcat]
2020-07-26 09:04:33.857  INFO 3704 --- [restartedMain] org.apache.catalina.core.StandardEngine  : Starting Servlet engine: [Apache Tomcat/9.0.36]
2020-07-26 09:04:33.858  INFO 3704 --- [restartedMain] o.a.catalina.core.AprLifecycleListener   : An older version [1.2.17] of the Apache Tomcat Native library is installed, while Tomcat recommends a minimum version of [1.2.23]
2020-07-26 09:04:33.858  INFO 3704 --- [restartedMain] o.a.catalina.core.AprLifecycleListener   : Loaded Apache Tomcat Native library [1.2.17] using APR version [1.6.3].
2020-07-26 09:04:33.858  INFO 3704 --- [restartedMain] o.a.catalina.core.AprLifecycleListener   : APR capabilities: IPv6 [true], sendfile [true], accept filters [false], random [true].
2020-07-26 09:04:33.859  INFO 3704 --- [restartedMain] o.a.catalina.core.AprLifecycleListener   : APR/OpenSSL configuration: useAprConnector [false], useOpenSSL [true]
2020-07-26 09:04:34.905  INFO 3704 --- [restartedMain] o.a.catalina.core.AprLifecycleListener   : OpenSSL successfully initialized [OpenSSL 1.0.2o  27 Mar 2018]
2020-07-26 09:04:34.992  INFO 3704 --- [restartedMain] o.a.c.c.C.[Tomcat].[localhost].[/]       : Initializing Spring embedded WebApplicationContext
2020-07-26 09:04:34.992  INFO 3704 --- [restartedMain] w.s.c.ServletWebServerApplicationContext : Root WebApplicationContext: initialization completed in 2580 ms
2020-07-26 09:04:35.129  INFO 3704 --- [restartedMain] o.s.s.concurrent.ThreadPoolTaskExecutor  : Initializing ExecutorService 'applicationTaskExecutor'
2020-07-26 09:04:35.168  INFO 3704 --- [task-1] o.hibernate.jpa.internal.util.LogHelper  : HHH000204: Processing PersistenceUnitInfo [name: default]
2020-07-26 09:04:35.205  INFO 3704 --- [task-1] org.hibernate.Version                    : HHH000412: Hibernate ORM core version 5.4.17.Final
2020-07-26 09:04:35.305  INFO 3704 --- [task-1] o.hibernate.annotations.common.Version   : HCANN000001: Hibernate Commons Annotations {5.1.0.Final}
2020-07-26 09:04:35.412  INFO 3704 --- [task-1] com.zaxxer.hikari.HikariDataSource       : HikariPool-1 - Starting...
2020-07-26 09:04:35.522  WARN 3704 --- [restartedMain] JpaBaseConfiguration$JpaWebConfiguration : spring.jpa.open-in-view is enabled by default. Therefore, database queries may be performed during view rendering. Explicitly configure spring.jpa.open-in-view to disable this warning
2020-07-26 09:04:35.532  INFO 3704 --- [task-1] com.zaxxer.hikari.HikariDataSource       : HikariPool-1 - Start completed.
2020-07-26 09:04:35.548  INFO 3704 --- [task-1] org.hibernate.dialect.Dialect            : HHH000400: Using dialect: org.hibernate.dialect.MySQL55Dialect
2020-07-26 09:04:36.199  INFO 3704 --- [task-1] o.h.e.t.j.p.i.JtaPlatformInitiator       : HHH000490: Using JtaPlatform implementation: [org.hibernate.engine.transaction.jta.platform.internal.NoJtaPlatform]
2020-07-26 09:04:36.205  INFO 3704 --- [task-1] j.LocalContainerEntityManagerFactoryBean : Initialized JPA EntityManagerFactory for persistence unit 'default'
2020-07-26 09:04:36.737  INFO 3704 --- [restartedMain] o.s.b.d.a.OptionalLiveReloadServer       : LiveReload server is running on port 35729
2020-07-26 09:04:36.775  INFO 3704 --- [restartedMain] o.s.b.w.embedded.tomcat.TomcatWebServer  : Tomcat started on port(s): 8080 (http) with context path ''
2020-07-26 09:04:36.777  INFO 3704 --- [restartedMain] DeferredRepositoryInitializationListener : Triggering deferred initialization of Spring Data repositories…
2020-07-26 09:04:37.111  INFO 3704 --- [restartedMain] DeferredRepositoryInitializationListener : Spring Data repositories initialized!
2020-07-26 09:04:37.118  INFO 3704 --- [restartedMain] S.SchoolCourseSelectionSystemApplication : Started SchoolCourseSelectionSystemApplication in 5.131 seconds (JVM running for 6.861)
2020-07-26 09:04:39.289  INFO 3704 --- [http-nio-8080-exec-1] o.a.c.c.C.[Tomcat].[localhost].[/]       : Initializing Spring DispatcherServlet 'dispatcherServlet'
2020-07-26 09:04:39.290  INFO 3704 --- [http-nio-8080-exec-1] o.s.web.servlet.DispatcherServlet        : Initializing Servlet 'dispatcherServlet'
2020-07-26 09:04:39.300  INFO 3704 --- [http-nio-8080-exec-1] o.s.web.servlet.DispatcherServlet        : Completed initialization in 10 ms
2020-07-26 09:04:40.610  WARN 3704 --- [http-nio-8080-exec-1] o.a.c.util.SessionIdGeneratorBase        : Creation of SecureRandom instance for session ID generation using [SHA1PRNG] took [1,292] milliseconds.
2020-07-26 09:13:27.268  INFO 9852 --- [restartedMain] S.SchoolCourseSelectionSystemApplication : Starting SchoolCourseSelectionSystemApplication on WIN-3EHTTE3SS16 with PID 9852 (D:\developertools\allcodes\ideacode\SchoolCourseSelectionSystem\target\classes started by Administrator in D:\developertools\allcodes\ideacode\SchoolCourseSelectionSystem)
2020-07-26 09:13:27.273  INFO 9852 --- [restartedMain] S.SchoolCourseSelectionSystemApplication : No active profile set, falling back to default profiles: default
2020-07-26 09:13:27.326  INFO 9852 --- [restartedMain] .e.DevToolsPropertyDefaultsPostProcessor : Devtools property defaults active! Set 'spring.devtools.add-properties' to 'false' to disable
2020-07-26 09:13:27.327  INFO 9852 --- [restartedMain] .e.DevToolsPropertyDefaultsPostProcessor : For additional web related logging consider setting the 'logging.level.web' property to 'DEBUG'
2020-07-26 09:13:28.034  INFO 9852 --- [restartedMain] .s.d.r.c.RepositoryConfigurationDelegate : Multiple Spring Data modules found, entering strict repository configuration mode!
2020-07-26 09:13:28.034  INFO 9852 --- [restartedMain] .s.d.r.c.RepositoryConfigurationDelegate : Bootstrapping Spring Data JPA repositories in DEFERRED mode.
2020-07-26 09:13:28.128  INFO 9852 --- [restartedMain] .s.d.r.c.RepositoryConfigurationDelegate : Finished Spring Data repository scanning in 89ms. Found 5 JPA repository interfaces.
2020-07-26 09:13:28.140  INFO 9852 --- [restartedMain] .s.d.r.c.RepositoryConfigurationDelegate : Multiple Spring Data modules found, entering strict repository configuration mode!
2020-07-26 09:13:28.141  INFO 9852 --- [restartedMain] .s.d.r.c.RepositoryConfigurationDelegate : Bootstrapping Spring Data Redis repositories in DEFAULT mode.
2020-07-26 09:13:28.158  INFO 9852 --- [restartedMain] .RepositoryConfigurationExtensionSupport : Spring Data Redis - Could not safely identify store assignment for repository candidate interface com.cyz.SchoolCourseSelectionSystem.mapper.AdminDao. If you want this repository to be a Redis repository, consider annotating your entities with one of these annotations: org.springframework.data.redis.core.RedisHash (preferred), or consider extending one of the following types with your repository: org.springframework.data.keyvalue.repository.KeyValueRepository.
2020-07-26 09:13:28.159  INFO 9852 --- [restartedMain] .RepositoryConfigurationExtensionSupport : Spring Data Redis - Could not safely identify store assignment for repository candidate interface com.cyz.SchoolCourseSelectionSystem.mapper.ClassDao. If you want this repository to be a Redis repository, consider annotating your entities with one of these annotations: org.springframework.data.redis.core.RedisHash (preferred), or consider extending one of the following types with your repository: org.springframework.data.keyvalue.repository.KeyValueRepository.
2020-07-26 09:13:28.159  INFO 9852 --- [restartedMain] .RepositoryConfigurationExtensionSupport : Spring Data Redis - Could not safely identify store assignment for repository candidate interface com.cyz.SchoolCourseSelectionSystem.mapper.CourseDao. If you want this repository to be a Redis repository, consider annotating your entities with one of these annotations: org.springframework.data.redis.core.RedisHash (preferred), or consider extending one of the following types with your repository: org.springframework.data.keyvalue.repository.KeyValueRepository.
2020-07-26 09:13:28.160  INFO 9852 --- [restartedMain] .RepositoryConfigurationExtensionSupport : Spring Data Redis - Could not safely identify store assignment for repository candidate interface com.cyz.SchoolCourseSelectionSystem.mapper.StudentDao. If you want this repository to be a Redis repository, consider annotating your entities with one of these annotations: org.springframework.data.redis.core.RedisHash (preferred), or consider extending one of the following types with your repository: org.springframework.data.keyvalue.repository.KeyValueRepository.
2020-07-26 09:13:28.160  INFO 9852 --- [restartedMain] .RepositoryConfigurationExtensionSupport : Spring Data Redis - Could not safely identify store assignment for repository candidate interface com.cyz.SchoolCourseSelectionSystem.mapper.TeacherDao. If you want this repository to be a Redis repository, consider annotating your entities with one of these annotations: org.springframework.data.redis.core.RedisHash (preferred), or consider extending one of the following types with your repository: org.springframework.data.keyvalue.repository.KeyValueRepository.
2020-07-26 09:13:28.160  INFO 9852 --- [restartedMain] .s.d.r.c.RepositoryConfigurationDelegate : Finished Spring Data repository scanning in 13ms. Found 0 Redis repository interfaces.
2020-07-26 09:13:28.664  INFO 9852 --- [restartedMain] o.s.b.w.embedded.tomcat.TomcatWebServer  : Tomcat initialized with port(s): 8080 (http)
2020-07-26 09:13:28.673  INFO 9852 --- [restartedMain] o.apache.catalina.core.StandardService   : Starting service [Tomcat]
2020-07-26 09:13:28.673  INFO 9852 --- [restartedMain] org.apache.catalina.core.StandardEngine  : Starting Servlet engine: [Apache Tomcat/9.0.36]
2020-07-26 09:13:28.676  INFO 9852 --- [restartedMain] o.a.catalina.core.AprLifecycleListener   : An older version [1.2.17] of the Apache Tomcat Native library is installed, while Tomcat recommends a minimum version of [1.2.23]
2020-07-26 09:13:28.676  INFO 9852 --- [restartedMain] o.a.catalina.core.AprLifecycleListener   : Loaded Apache Tomcat Native library [1.2.17] using APR version [1.6.3].
2020-07-26 09:13:28.676  INFO 9852 --- [restartedMain] o.a.catalina.core.AprLifecycleListener   : APR capabilities: IPv6 [true], sendfile [true], accept filters [false], random [true].
2020-07-26 09:13:28.676  INFO 9852 --- [restartedMain] o.a.catalina.core.AprLifecycleListener   : APR/OpenSSL configuration: useAprConnector [false], useOpenSSL [true]
2020-07-26 09:13:29.730  INFO 9852 --- [restartedMain] o.a.catalina.core.AprLifecycleListener   : OpenSSL successfully initialized [OpenSSL 1.0.2o  27 Mar 2018]
2020-07-26 09:13:29.819  INFO 9852 --- [restartedMain] o.a.c.c.C.[Tomcat].[localhost].[/]       : Initializing Spring embedded WebApplicationContext
2020-07-26 09:13:29.820  INFO 9852 --- [restartedMain] w.s.c.ServletWebServerApplicationContext : Root WebApplicationContext: initialization completed in 2493 ms
2020-07-26 09:13:29.955  INFO 9852 --- [restartedMain] o.s.s.concurrent.ThreadPoolTaskExecutor  : Initializing ExecutorService 'applicationTaskExecutor'
2020-07-26 09:13:29.992  INFO 9852 --- [task-1] o.hibernate.jpa.internal.util.LogHelper  : HHH000204: Processing PersistenceUnitInfo [name: default]
2020-07-26 09:13:30.027  INFO 9852 --- [task-1] org.hibernate.Version                    : HHH000412: Hibernate ORM core version 5.4.17.Final
2020-07-26 09:13:30.118  INFO 9852 --- [task-1] o.hibernate.annotations.common.Version   : HCANN000001: Hibernate Commons Annotations {5.1.0.Final}
2020-07-26 09:13:30.205  INFO 9852 --- [task-1] com.zaxxer.hikari.HikariDataSource       : HikariPool-1 - Starting...
2020-07-26 09:13:30.285  WARN 9852 --- [restartedMain] JpaBaseConfiguration$JpaWebConfiguration : spring.jpa.open-in-view is enabled by default. Therefore, database queries may be performed during view rendering. Explicitly configure spring.jpa.open-in-view to disable this warning
2020-07-26 09:13:30.309  INFO 9852 --- [task-1] com.zaxxer.hikari.HikariDataSource       : HikariPool-1 - Start completed.
2020-07-26 09:13:30.322  INFO 9852 --- [task-1] org.hibernate.dialect.Dialect            : HHH000400: Using dialect: org.hibernate.dialect.MySQL55Dialect
2020-07-26 09:13:30.972  INFO 9852 --- [task-1] o.h.e.t.j.p.i.JtaPlatformInitiator       : HHH000490: Using JtaPlatform implementation: [org.hibernate.engine.transaction.jta.platform.internal.NoJtaPlatform]
2020-07-26 09:13:30.978  INFO 9852 --- [task-1] j.LocalContainerEntityManagerFactoryBean : Initialized JPA EntityManagerFactory for persistence unit 'default'
2020-07-26 09:13:31.472  INFO 9852 --- [task-2] o.s.b.d.a.OptionalLiveReloadServer       : LiveReload server is running on port 35729
2020-07-26 09:13:31.509  INFO 9852 --- [restartedMain] o.s.b.w.embedded.tomcat.TomcatWebServer  : Tomcat started on port(s): 8080 (http) with context path ''
2020-07-26 09:13:31.510  INFO 9852 --- [restartedMain] DeferredRepositoryInitializationListener : Triggering deferred initialization of Spring Data repositories…
2020-07-26 09:13:31.814  INFO 9852 --- [restartedMain] DeferredRepositoryInitializationListener : Spring Data repositories initialized!
2020-07-26 09:13:31.822  INFO 9852 --- [restartedMain] S.SchoolCourseSelectionSystemApplication : Started SchoolCourseSelectionSystemApplication in 4.924 seconds (JVM running for 6.613)
2020-07-26 09:13:38.786  INFO 9852 --- [http-nio-8080-exec-1] o.a.c.c.C.[Tomcat].[localhost].[/]       : Initializing Spring DispatcherServlet 'dispatcherServlet'
2020-07-26 09:13:38.786  INFO 9852 --- [http-nio-8080-exec-1] o.s.web.servlet.DispatcherServlet        : Initializing Servlet 'dispatcherServlet'
2020-07-26 09:13:38.793  INFO 9852 --- [http-nio-8080-exec-1] o.s.web.servlet.DispatcherServlet        : Completed initialization in 6 ms
2020-07-26 09:13:39.690  WARN 9852 --- [http-nio-8080-exec-1] o.a.c.util.SessionIdGeneratorBase        : Creation of SecureRandom instance for session ID generation using [SHA1PRNG] took [883] milliseconds.
2020-07-26 14:12:22.062  WARN 9852 --- [HikariPool-1 housekeeper] com.zaxxer.hikari.pool.HikariPool        : HikariPool-1 - Thread starvation or clock leap detected (housekeeper delta=4h52m21s649ms325µs600ns).
2020-07-26 14:12:53.772  INFO 1404 --- [restartedMain] S.SchoolCourseSelectionSystemApplication : Starting SchoolCourseSelectionSystemApplication on WIN-3EHTTE3SS16 with PID 1404 (D:\developertools\allcodes\ideacode\SchoolCourseSelectionSystem\target\classes started by Administrator in D:\developertools\allcodes\ideacode\SchoolCourseSelectionSystem)
2020-07-26 14:12:53.775  INFO 1404 --- [restartedMain] S.SchoolCourseSelectionSystemApplication : No active profile set, falling back to default profiles: default
2020-07-26 14:12:53.833  INFO 1404 --- [restartedMain] .e.DevToolsPropertyDefaultsPostProcessor : Devtools property defaults active! Set 'spring.devtools.add-properties' to 'false' to disable
2020-07-26 14:12:53.834  INFO 1404 --- [restartedMain] .e.DevToolsPropertyDefaultsPostProcessor : For additional web related logging consider setting the 'logging.level.web' property to 'DEBUG'
2020-07-26 14:12:54.606  INFO 1404 --- [restartedMain] .s.d.r.c.RepositoryConfigurationDelegate : Multiple Spring Data modules found, entering strict repository configuration mode!
2020-07-26 14:12:54.606  INFO 1404 --- [restartedMain] .s.d.r.c.RepositoryConfigurationDelegate : Bootstrapping Spring Data JPA repositories in DEFERRED mode.
2020-07-26 14:12:54.707  INFO 1404 --- [restartedMain] .s.d.r.c.RepositoryConfigurationDelegate : Finished Spring Data repository scanning in 96ms. Found 5 JPA repository interfaces.
2020-07-26 14:12:54.724  INFO 1404 --- [restartedMain] .s.d.r.c.RepositoryConfigurationDelegate : Multiple Spring Data modules found, entering strict repository configuration mode!
2020-07-26 14:12:54.725  INFO 1404 --- [restartedMain] .s.d.r.c.RepositoryConfigurationDelegate : Bootstrapping Spring Data Redis repositories in DEFAULT mode.
2020-07-26 14:12:54.742  INFO 1404 --- [restartedMain] .RepositoryConfigurationExtensionSupport : Spring Data Redis - Could not safely identify store assignment for repository candidate interface com.cyz.SchoolCourseSelectionSystem.mapper.AdminDao. If you want this repository to be a Redis repository, consider annotating your entities with one of these annotations: org.springframework.data.redis.core.RedisHash (preferred), or consider extending one of the following types with your repository: org.springframework.data.keyvalue.repository.KeyValueRepository.
2020-07-26 14:12:54.743  INFO 1404 --- [restartedMain] .RepositoryConfigurationExtensionSupport : Spring Data Redis - Could not safely identify store assignment for repository candidate interface com.cyz.SchoolCourseSelectionSystem.mapper.ClassDao. If you want this repository to be a Redis repository, consider annotating your entities with one of these annotations: org.springframework.data.redis.core.RedisHash (preferred), or consider extending one of the following types with your repository: org.springframework.data.keyvalue.repository.KeyValueRepository.
2020-07-26 14:12:54.743  INFO 1404 --- [restartedMain] .RepositoryConfigurationExtensionSupport : Spring Data Redis - Could not safely identify store assignment for repository candidate interface com.cyz.SchoolCourseSelectionSystem.mapper.CourseDao. If you want this repository to be a Redis repository, consider annotating your entities with one of these annotations: org.springframework.data.redis.core.RedisHash (preferred), or consider extending one of the following types with your repository: org.springframework.data.keyvalue.repository.KeyValueRepository.
2020-07-26 14:12:54.744  INFO 1404 --- [restartedMain] .RepositoryConfigurationExtensionSupport : Spring Data Redis - Could not safely identify store assignment for repository candidate interface com.cyz.SchoolCourseSelectionSystem.mapper.StudentDao. If you want this repository to be a Redis repository, consider annotating your entities with one of these annotations: org.springframework.data.redis.core.RedisHash (preferred), or consider extending one of the following types with your repository: org.springframework.data.keyvalue.repository.KeyValueRepository.
2020-07-26 14:12:54.745  INFO 1404 --- [restartedMain] .RepositoryConfigurationExtensionSupport : Spring Data Redis - Could not safely identify store assignment for repository candidate interface com.cyz.SchoolCourseSelectionSystem.mapper.TeacherDao. If you want this repository to be a Redis repository, consider annotating your entities with one of these annotations: org.springframework.data.redis.core.RedisHash (preferred), or consider extending one of the following types with your repository: org.springframework.data.keyvalue.repository.KeyValueRepository.
2020-07-26 14:12:54.745  INFO 1404 --- [restartedMain] .s.d.r.c.RepositoryConfigurationDelegate : Finished Spring Data repository scanning in 13ms. Found 0 Redis repository interfaces.
2020-07-26 14:12:55.275  INFO 1404 --- [restartedMain] o.s.b.w.embedded.tomcat.TomcatWebServer  : Tomcat initialized with port(s): 8080 (http)
2020-07-26 14:12:55.282  INFO 1404 --- [restartedMain] o.apache.catalina.core.StandardService   : Starting service [Tomcat]
2020-07-26 14:12:55.283  INFO 1404 --- [restartedMain] org.apache.catalina.core.StandardEngine  : Starting Servlet engine: [Apache Tomcat/9.0.36]
2020-07-26 14:12:55.285  INFO 1404 --- [restartedMain] o.a.catalina.core.AprLifecycleListener   : An older version [1.2.17] of the Apache Tomcat Native library is installed, while Tomcat recommends a minimum version of [1.2.23]
2020-07-26 14:12:55.286  INFO 1404 --- [restartedMain] o.a.catalina.core.AprLifecycleListener   : Loaded Apache Tomcat Native library [1.2.17] using APR version [1.6.3].
2020-07-26 14:12:55.286  INFO 1404 --- [restartedMain] o.a.catalina.core.AprLifecycleListener   : APR capabilities: IPv6 [true], sendfile [true], accept filters [false], random [true].
2020-07-26 14:12:55.286  INFO 1404 --- [restartedMain] o.a.catalina.core.AprLifecycleListener   : APR/OpenSSL configuration: useAprConnector [false], useOpenSSL [true]
2020-07-26 14:12:56.356  INFO 1404 --- [restartedMain] o.a.catalina.core.AprLifecycleListener   : OpenSSL successfully initialized [OpenSSL 1.0.2o  27 Mar 2018]
2020-07-26 14:12:56.455  INFO 1404 --- [restartedMain] o.a.c.c.C.[Tomcat].[localhost].[/]       : Initializing Spring embedded WebApplicationContext
2020-07-26 14:12:56.456  INFO 1404 --- [restartedMain] w.s.c.ServletWebServerApplicationContext : Root WebApplicationContext: initialization completed in 2621 ms
2020-07-26 14:12:56.618  INFO 1404 --- [restartedMain] o.s.s.concurrent.ThreadPoolTaskExecutor  : Initializing ExecutorService 'applicationTaskExecutor'
2020-07-26 14:12:56.658  INFO 1404 --- [task-1] o.hibernate.jpa.internal.util.LogHelper  : HHH000204: Processing PersistenceUnitInfo [name: default]
2020-07-26 14:12:56.693  INFO 1404 --- [task-1] org.hibernate.Version                    : HHH000412: Hibernate ORM core version 5.4.17.Final
2020-07-26 14:12:56.781  INFO 1404 --- [task-1] o.hibernate.annotations.common.Version   : HCANN000001: Hibernate Commons Annotations {5.1.0.Final}
2020-07-26 14:12:56.868  INFO 1404 --- [task-1] com.zaxxer.hikari.HikariDataSource       : HikariPool-1 - Starting...
2020-07-26 14:12:56.946  WARN 1404 --- [restartedMain] JpaBaseConfiguration$JpaWebConfiguration : spring.jpa.open-in-view is enabled by default. Therefore, database queries may be performed during view rendering. Explicitly configure spring.jpa.open-in-view to disable this warning
2020-07-26 14:12:56.969  INFO 1404 --- [task-1] com.zaxxer.hikari.HikariDataSource       : HikariPool-1 - Start completed.
2020-07-26 14:12:56.982  INFO 1404 --- [task-1] org.hibernate.dialect.Dialect            : HHH000400: Using dialect: org.hibernate.dialect.MySQL55Dialect
2020-07-26 14:12:57.672  INFO 1404 --- [task-1] o.h.e.t.j.p.i.JtaPlatformInitiator       : HHH000490: Using JtaPlatform implementation: [org.hibernate.engine.transaction.jta.platform.internal.NoJtaPlatform]
2020-07-26 14:12:57.678  INFO 1404 --- [task-1] j.LocalContainerEntityManagerFactoryBean : Initialized JPA EntityManagerFactory for persistence unit 'default'
2020-07-26 14:12:58.179  INFO 1404 --- [restartedMain] o.s.b.d.a.OptionalLiveReloadServer       : LiveReload server is running on port 35729
2020-07-26 14:12:58.220  INFO 1404 --- [restartedMain] o.s.b.w.embedded.tomcat.TomcatWebServer  : Tomcat started on port(s): 8080 (http) with context path ''
2020-07-26 14:12:58.221  INFO 1404 --- [restartedMain] DeferredRepositoryInitializationListener : Triggering deferred initialization of Spring Data repositories…
2020-07-26 14:12:58.525  INFO 1404 --- [restartedMain] DeferredRepositoryInitializationListener : Spring Data repositories initialized!
2020-07-26 14:12:58.533  INFO 1404 --- [restartedMain] S.SchoolCourseSelectionSystemApplication : Started SchoolCourseSelectionSystemApplication in 5.125 seconds (JVM running for 6.906)
2020-07-26 14:13:02.684  INFO 1404 --- [http-nio-8080-exec-1] o.a.c.c.C.[Tomcat].[localhost].[/]       : Initializing Spring DispatcherServlet 'dispatcherServlet'
2020-07-26 14:13:02.684  INFO 1404 --- [http-nio-8080-exec-1] o.s.web.servlet.DispatcherServlet        : Initializing Servlet 'dispatcherServlet'
2020-07-26 14:13:02.691  INFO 1404 --- [http-nio-8080-exec-1] o.s.web.servlet.DispatcherServlet        : Completed initialization in 7 ms
2020-07-26 14:13:04.007  WARN 1404 --- [http-nio-8080-exec-6] o.a.c.util.SessionIdGeneratorBase        : Creation of SecureRandom instance for session ID generation using [SHA1PRNG] took [902] milliseconds.
